Сборка начата 27.12.2022 15:28:00.
Уровень детализации журнала: Normal.     1>Проект "C:\Users\User\Desktop\ghj\Multitools-\MultiTools\MultiTools\MultiTools.vcxproj" в узле 2 (целевые объекты Build).
     1>InitializeBuildStatus:
         Создание "x64\Debug\MultiTools.tlog\unsuccessfulbuild", так как было задано "AlwaysCreate".
       ClCompile:
         C:\Program Files\Microsoft Visual Studio\2022\Community\VC\Tools\MSVC\14.33.31629\bin\HostX64\x64\CL.exe /c /ZI /JMC /nologo /W3 /WX- /diagnostics:column /sdl /Od /D _DEBUG /D _CONSOLE /D _UNICODE /D UNICODE /Gm- /EHsc /RTC1 /MDd /GS /fp:precise /Zc:wchar_t /Zc:forScope /Zc:inline /permissive- /Fo"x64\Debug\\" /Fd"x64\Debug\vc143.pdb" /external:W3 /Gd /TP /FC /errorReport:prompt Watch.cpp
         Watch.cpp
       Link:
         C:\Program Files\Microsoft Visual Studio\2022\Community\VC\Tools\MSVC\14.33.31629\bin\HostX64\x64\link.exe /ERRORREPORT:PROMPT /OUT:"C:\Users\User\Desktop\ghj\Multitools-\MultiTools\x64\Debug\MultiTools.exe" /INCREMENTAL /ILK:"x64\Debug\MultiTools.ilk" /NOLOGO kernel32.lib user32.lib gdi32.lib winspool.lib comdlg32.lib advapi32.lib shell32.lib ole32.lib oleaut32.lib uuid.lib odbc32.lib odbccp32.lib /MANIFEST /MANIFESTUAC:"level='asInvoker' uiAccess='false'" /manifest:embed /DEBUG /PDB:"C:\Users\User\Desktop\ghj\Multitools-\MultiTools\x64\Debug\MultiTools.pdb" /SUBSYSTEM:CONSOLE /TLBID:1 /DYNAMICBASE /NXCOMPAT /IMPLIB:"C:\Users\User\Desktop\ghj\Multitools-\MultiTools\x64\Debug\MultiTools.lib" /MACHINE:X64 x64\Debug\Calculator.obj
         x64\Debug\main.obj
         x64\Debug\Schedule.obj
         x64\Debug\Watch.obj
         MultiTools.vcxproj -> C:\Users\User\Desktop\ghj\Multitools-\MultiTools\x64\Debug\MultiTools.exe
       FinalizeBuildStatus:
         Файл "x64\Debug\MultiTools.tlog\unsuccessfulbuild" удаляется.
         Обращение к "x64\Debug\MultiTools.tlog\MultiTools.lastbuildstate".
     1>Сборка проекта "C:\Users\User\Desktop\ghj\Multitools-\MultiTools\MultiTools\MultiTools.vcxproj" завершена (целевые объекты Build).

Сборка успешно завершена.
    Предупреждений: 0
    Ошибок: 0

Прошло времени 00:00:01.97
