Сборка начата 27.12.2022 15:51:29.
Уровень детализации журнала: Normal.     1>Проект "C:\Users\User\Desktop\ghj\Multitools-\MultiTools\MultiTools\MultiTools.vcxproj" в узле 2 (целевые объекты Build).
     1>PrepareForBuild:
         Создание каталога "C:\Users\User\Desktop\ghj\Multitools-\MultiTools\x64\Release\".
         Создание каталога "x64\Release\MultiTools.tlog\".
       InitializeBuildStatus:
         Создание "x64\Release\MultiTools.tlog\unsuccessfulbuild", так как было задано "AlwaysCreate".
       ClCompile:
         C:\Program Files\Microsoft Visual Studio\2022\Community\VC\Tools\MSVC\14.33.31629\bin\HostX64\x64\CL.exe /c /Zi /nologo /W3 /WX- /diagnostics:column /sdl /O2 /Oi /GL /D NDEBUG /D _CONSOLE /D _UNICODE /D UNICODE /Gm- /EHsc /MD /GS /Gy /fp:precise /Zc:wchar_t /Zc:forScope /Zc:inline /permissive- /Fo"x64\Release\\" /Fd"x64\Release\vc143.pdb" /external:W3 /Gd /TP /FC /errorReport:prompt Calculator.cpp main.cpp Schedule.cpp Watch.cpp
         Calculator.cpp
         main.cpp
         Schedule.cpp
         Watch.cpp
       Link:
         C:\Program Files\Microsoft Visual Studio\2022\Community\VC\Tools\MSVC\14.33.31629\bin\HostX64\x64\link.exe /ERRORREPORT:PROMPT /OUT:"C:\Users\User\Desktop\ghj\Multitools-\MultiTools\x64\Release\MultiTools.exe" /NOLOGO kernel32.lib user32.lib gdi32.lib winspool.lib comdlg32.lib advapi32.lib shell32.lib ole32.lib oleaut32.lib uuid.lib odbc32.lib odbccp32.lib /MANIFEST /MANIFESTUAC:"level='asInvoker' uiAccess='false'" /manifest:embed /DEBUG /PDB:"C:\Users\User\Desktop\ghj\Multitools-\MultiTools\x64\Release\MultiTools.pdb" /SUBSYSTEM:CONSOLE /OPT:REF /OPT:ICF /LTCG:incremental /LTCGOUT:"x64\Release\MultiTools.iobj" /TLBID:1 /DYNAMICBASE /NXCOMPAT /IMPLIB:"C:\Users\User\Desktop\ghj\Multitools-\MultiTools\x64\Release\MultiTools.lib" /MACHINE:X64 x64\Release\Calculator.obj
         x64\Release\main.obj
         x64\Release\Schedule.obj
         x64\Release\Watch.obj
         Создание кода
         Previous IPDB not found, fall back to full compilation.
         All 114 functions were compiled because no usable IPDB/IOBJ from previous compilation was found.
         Создание кода завершено
         MultiTools.vcxproj -> C:\Users\User\Desktop\ghj\Multitools-\MultiTools\x64\Release\MultiTools.exe
       FinalizeBuildStatus:
         Файл "x64\Release\MultiTools.tlog\unsuccessfulbuild" удаляется.
         Обращение к "x64\Release\MultiTools.tlog\MultiTools.lastbuildstate".
     1>Сборка проекта "C:\Users\User\Desktop\ghj\Multitools-\MultiTools\MultiTools\MultiTools.vcxproj" завершена (целевые объекты Build).

Сборка успешно завершена.
    Предупреждений: 0
    Ошибок: 0

Прошло времени 00:00:03.05
